Optics2D/build/outputs/logs/manifest-merger-debug-report.txt
-- Merging decision tree log ---
manifest
ADDED from src/main/AndroidManifest.xml:2:1-51:12
	package
		ADDED from src/main/AndroidManifest.xml:2:70-107
	android:versionName
		ADDED from src/main/AndroidManifest.xml:2:155-180
		INJECTED from src/main/AndroidManifest.xml
		INJECTED from src/main/AndroidManifest.xml
	xmlns:tools
		ADDED from src/main/AndroidManifest.xml:2:108-154
	android:versionCode
		ADDED from src/main/AndroidManifest.xml:2:181-204
		INJECTED from src/main/AndroidManifest.xml
		INJECTED from src/main/AndroidManifest.xml
	xmlns:android
		ADDED from src/main/AndroidManifest.xml:2:11-69
	android:installLocation
		ADDED from src/main/AndroidManifest.xml:2:205-245
supports-screens
ADDED from src/main/AndroidManifest.xml:3:3-8:35
	android:largeScreens
		ADDED from src/main/AndroidManifest.xml:6:7-34
	android:smallScreens
		ADDED from src/main/AndroidManifest.xml:4:7-34
	android:normalScreens
		ADDED from src/main/AndroidManifest.xml:5:7-35
	android:xlargeScreens
		ADDED from src/main/AndroidManifest.xml:7:7-35
	android:anyDensity
		ADDED from src/main/AndroidManifest.xml:8:7-32
application
ADDED from src/main/AndroidManifest.xml:10:3-42:17
	android:label
		ADDED from src/main/AndroidManifest.xml:13:7-39
	android:icon
		ADDED from src/main/AndroidManifest.xml:12:7-40
	android:banner
		ADDED from src/main/AndroidManifest.xml:15:7-44
	android:theme
		ADDED from src/main/AndroidManifest.xml:11:7-48
	android:isGame
		ADDED from src/main/AndroidManifest.xml:14:7-28
activity#com.DefaultCompany.Optics2D.UnityPlayerActivity
ADDED from src/main/AndroidManifest.xml:17:5-24:16
	android:screenOrientation
		ADDED from src/main/AndroidManifest.xml:18:9-52
	android:label
		ADDED from src/main/AndroidManifest.xml:17:15-47
	android:launchMode
		ADDED from src/main/AndroidManifest.xml:19:9-40
	android:configChanges
		ADDED from src/main/AndroidManifest.xml:20:9-166
	android:name
		ADDED from src/main/AndroidManifest.xml:21:9-71
meta-data#unityplayer.UnityActivity
ADDED from src/main/AndroidManifest.xml:23:7-82
	android:value
		ADDED from src/main/AndroidManifest.xml:23:59-79
	android:name
		ADDED from src/main/AndroidManifest.xml:23:18-58
activity#com.DefaultCompany.Optics2D.Guide
ADDED from src/main/AndroidManifest.xml:25:5-48
	android:name
		ADDED from src/main/AndroidManifest.xml:25:15-36
activity#com.DefaultCompany.Optics2D.AboutUs
ADDED from src/main/AndroidManifest.xml:26:5-50
	android:name
		ADDED from src/main/AndroidManifest.xml:26:15-38
activity#com.unity3d.player.UnityPlayerActivity
ADDED from src/main/AndroidManifest.xml:27:7-82
	android:name
		ADDED from src/main/AndroidManifest.xml:27:17-70
activity#com.unity3d.player.UnityPlayerNativeActivity
ADDED from src/main/AndroidManifest.xml:28:7-88
	android:name
		ADDED from src/main/AndroidManifest.xml:28:17-76
activity#com.unity3d.player.UnityPlayerProxyActivity
ADDED from src/main/AndroidManifest.xml:29:7-87
	android:name
		ADDED from src/main/AndroidManifest.xml:29:17-75
activity#com.DefaultCompany.Optics2D.MainActivity
ADDED from src/main/AndroidManifest.xml:33:7-39:16
	android:name
		ADDED from src/main/AndroidManifest.xml:33:17-45
intent-filter#android.intent.action.MAIN+android.intent.category.LAUNCHER+android.intent.category.LEANBACK_LAUNCHER
ADDED from src/main/AndroidManifest.xml:34:7-38:23
action#android.intent.action.MAIN
ADDED from src/main/AndroidManifest.xml:35:9-61
	android:name
		ADDED from src/main/AndroidManifest.xml:35:17-58
category#android.intent.category.LAUNCHER
ADDED from src/main/AndroidManifest.xml:36:9-69
	android:name
		ADDED from src/main/AndroidManifest.xml:36:19-66
category#android.intent.category.LEANBACK_LAUNCHER
ADDED from src/main/AndroidManifest.xml:37:9-78
	android:name
		ADDED from src/main/AndroidManifest.xml:37:19-75
uses-sdk
ADDED from src/main/AndroidManifest.xml:43:3-71
	android:targetSdkVersion
		ADDED from src/main/AndroidManifest.xml:43:39-68
		INJECTED from src/main/AndroidManifest.xml
		INJECTED from src/main/AndroidManifest.xml
	android:minSdkVersion
		ADDED from src/main/AndroidManifest.xml:43:13-38
uses-feature#0x00020000
ADDED from src/main/AndroidManifest.xml:44:3-52
	android:glEsVersion
		ADDED from src/main/AndroidManifest.xml:44:17-49
uses-feature#android.hardware.touchscreen
ADDED from src/main/AndroidManifest.xml:45:3-88
	android:required
		ADDED from src/main/AndroidManifest.xml:45:61-85
	android:name
		ADDED from src/main/AndroidManifest.xml:45:17-60
uses-feature#android.hardware.touchscreen.multitouch
ADDED from src/main/AndroidManifest.xml:46:3-99
	android:required
		ADDED from src/main/AndroidManifest.xml:46:72-96
	android:name
		ADDED from src/main/AndroidManifest.xml:46:17-71
uses-feature#android.hardware.touchscreen.multitouch.distinct
ADDED from src/main/AndroidManifest.xml:47:3-108
	android:required
		ADDED from src/main/AndroidManifest.xml:47:81-105
	android:name
		ADDED from src/main/AndroidManifest.xml:47:17-80